<component name="libraryTable">
  <library name="JUnit 4">
    <CLASSES>
      <root url="jar://$PROJECT_DIR$/lib/JUnit 4/org.hamcrest.core_1.3.0.v201303031735.jar!/" />
      <root url="file://$PROJECT_DIR$/lib/JUnit 4" />
      <root url="file://$PROJECT_DIR$/lib/JUnit 4/org.junit_4.12.0.v201504281640" />
    </CLASSES>
    <JAVADOC />
    <SOURCES />
    <jarDirectory url="file://$PROJECT_DIR$/lib/JUnit 4" recursive="false" />
    <jarDirectory url="file://$PROJECT_DIR$/lib/JUnit 4/org.junit_4.12.0.v201504281640" recursive="false" />
  </library>
</component>